<?xml version="1.0" encoding="UTF-8"?>
<testng-results ignored="0" total="1" passed="1" failed="0" skipped="0">
  <reporter-output>
  </reporter-output>
  <suite started-at="2021-12-31T10:50:37 IST" name="Default suite" finished-at="2021-12-31T10:50:54 IST" duration-ms="17060">
    <groups>
    </groups>
    <test started-at="2021-12-31T10:50:37 IST" name="Default test" finished-at="2021-12-31T10:50:54 IST" duration-ms="17060">
      <class name="com.mystore.testcases.AddToCartPageTest">
        <test-method is-config="true" signature="loadConfig()[pri:0, instance:com.mystore.testcases.AddToCartPageTest@29647f75]" started-at="2021-12-31T10:50:37 IST" name="loadConfig" finished-at="2021-12-31T10:50:37 IST" duration-ms="7" status="PASS">
          <reporter-output>
          </reporter-output>
        </test-method> <!-- loadConfig -->
        <test-method is-config="true" signature="setup()[pri:0, instance:com.mystore.testcases.AddToCartPageTest@29647f75]" started-at="2021-12-31T10:50:37 IST" name="setup" finished-at="2021-12-31T10:50:42 IST" duration-ms="4784" status="PASS">
          <reporter-output>
          </reporter-output>
        </test-method> <!-- setup -->
        <test-method signature="addToCartTest()[pri:0, instance:com.mystore.testcases.AddToCartPageTest@29647f75]" started-at="2021-12-31T10:50:42 IST" name="addToCartTest" finished-at="2021-12-31T10:50:54 IST" duration-ms="12064" status="PASS">
          <reporter-output>
          </reporter-output>
        </test-method> <!-- addToCartTest -->
        <test-method is-config="true" signature="tearDown()[pri:0, instance:com.mystore.testcases.AddToCartPageTest@29647f75]" started-at="2021-12-31T10:50:54 IST" name="tearDown" finished-at="2021-12-31T10:50:54 IST" duration-ms="175" status="PASS">
          <reporter-output>
          </reporter-output>
        </test-method> <!-- tearDown -->
      </class> <!-- com.mystore.testcases.AddToCartPageTest -->
    </test> <!-- Default test -->
  </suite> <!-- Default suite -->
</testng-results>
